06:19:12,332 - [MAIN] - INFO  - Bussiness.GameProperties - Refreshing game properties!
06:19:14,016 - [MAIN] - INFO  - Game.Server.GameServer - Recompile Scripts: True
06:19:14,018 - [MAIN] - INFO  - Game.Server.GameServer - Server rules: true
06:19:14,037 - [MAIN] - INFO  - Game.Server.GameServer - Registering global event handlers: true
06:19:14,038 - [MAIN] - INFO  - Game.Server.GameServer - Script components: True
06:19:14,039 - [MAIN] - INFO  - Game.Server.GameServer - Edition:5498628: True
06:19:14,041 - [MAIN] - INFO  - Game.Server.GameServer - InitSocket Port:9200: True
06:19:14,080 - [MAIN] - INFO  - Game.Server.GameServer - AllocatePacketBuffers(): True
06:19:14,084 - [MAIN] - INFO  - Game.Server.GameServer - LogMgr Init: True
06:19:14,089 - [MAIN] - INFO  - Game.Server.GameServer - WorldMgr Init: True
06:19:14,234 - [MAIN] - INFO  - Game.Server.GameServer - MapMgr Init: True
06:19:14,306 - [MAIN] - INFO  - Game.Server.GameServer - ItemMgr Init: True
06:19:14,452 - [MAIN] - INFO  - Game.Server.GameServer - ItemBox Init: True
06:19:14,523 - [MAIN] - INFO  - Game.Server.GameServer - BallMgr Init: True
06:19:14,529 - [MAIN] - INFO  - Game.Server.GameServer - ExerciseMgr Init: True
06:19:14,534 - [MAIN] - INFO  - Game.Server.GameServer - levelMgr Init: True
06:19:14,538 - [MAIN] - INFO  - Game.Server.GameServer - BallConfigMgr Init: True
06:19:14,545 - [MAIN] - INFO  - Game.Server.GameServer - FusionMgr Init: True
06:19:14,548 - [MAIN] - INFO  - Game.Server.GameServer - AwardMgr Init: True
06:19:14,558 - [MAIN] - INFO  - Game.Server.GameServer - NPCInfoMgr Init: True
06:19:14,564 - [MAIN] - INFO  - Game.Server.GameServer - MissionInfoMgr Init: True
06:19:14,569 - [MAIN] - INFO  - Game.Server.GameServer - PveInfoMgr Init: True
06:19:14,576 - [MAIN] - INFO  - Game.Server.GameServer - Drop Init: True
06:19:14,581 - [MAIN] - INFO  - Game.Server.GameServer - FightRateMgr Init: True
06:19:14,585 - [MAIN] - INFO  - Game.Server.GameServer - ConsortiaLevelMgr Init: True
06:19:14,590 - [MAIN] - INFO  - Game.Server.GameServer - RefineryMgr Init: True
06:19:14,603 - [MAIN] - INFO  - Game.Server.GameServer - StrengthenMgr Init: True
06:19:14,606 - [MAIN] - INFO  - Game.Server.GameServer - PropItemMgr Init: True
06:19:14,683 - [MAIN] - INFO  - Game.Server.GameServer - ShopMgr Init: True
06:19:14,780 - [MAIN] - INFO  - Game.Server.GameServer - QuestMgr Init: True
06:19:14,782 - [MAIN] - INFO  - Game.Server.GameServer - RoomMgr.Setup: True
06:19:14,785 - [MAIN] - INFO  - Game.Server.GameServer - GameMgr.Start(): True
06:19:14,798 - [MAIN] - INFO  - Game.Server.GameServer - ConsortiaMgr Init: True
06:19:14,802 - [MAIN] - INFO  - Game.Server.GameServer - LanguageMgr Init: True
06:19:14,810 - [MAIN] - INFO  - Game.Server.GameServer - ExperienceRateMgr Init: True
06:19:14,811 - [MAIN] - INFO  - Game.Server.GameServer - MacroDropMgr Init: True
06:19:14,818 - [MAIN] - INFO  - Game.Server.Battle.BattleMgr - Battle server 127.0.0.1:9208 loaded...
06:19:14,822 - [MAIN] - INFO  - Game.Server.Battle.BattleMgr - Total 1 battle server loaded.
06:19:14,823 - [MAIN] - INFO  - Game.Server.GameServer - BattleMgr Setup: True
06:19:14,824 - [MAIN] - INFO  - Game.Server.GameServer - Init Global Timers: True
06:19:14,833 - [MAIN] - INFO  - Game.Server.GameServer - MarryRoomMgr Init: True
06:19:14,841 - [MAIN] - INFO  - Game.Server.GameServer - WindMgr Init: True
06:19:14,853 - [MAIN] - INFO  - Game.Server.GameServer - CardMgr Init: True
06:19:14,887 - [MAIN] - INFO  - Game.Server.GameServer - PetMgr Init: True
06:19:14,892 - [MAIN] - INFO  - Game.Server.GameServer - GoldEquipMgr Init: True
06:19:14,900 - [MAIN] - INFO  - Game.Server.GameServer - TotemMgr Init: True
06:19:14,914 - [MAIN] - INFO  - Game.Server.GameServer - TotemHonorMgr Init: True
06:19:14,920 - [MAIN] - INFO  - Game.Server.GameServer - FightSpiritTemplateMgr Init: True
06:19:14,922 - [MAIN] - INFO  - Game.Server.GameServer - LogMgr Setup: True
06:19:14,938 - [MAIN] - INFO  - Game.Base.Packets.PacketProcessor - PacketProcessor: Loaded 137 handlers from GameServer Assembly!
06:19:14,942 - [MAIN] - INFO  - Game.Base.CommandMgr - Loaded 7 commands!
06:19:14,951 - [MAIN] - INFO  - Game.Logic.Spells.SpellMgr - SpellMgr: Loaded 15 spell handlers from GameServer Assembly!
06:19:14,960 - [MAIN] - INFO  - Game.Base.BaseConnector - Connected to 127.0.0.1:9202
06:19:14,964 - [MAIN] - INFO  - Game.Server.GameServer - Login To CenterServer: True
06:19:14,994 - [MAIN] - INFO  - Game.Base.BaseConnector - Connected to 127.0.0.1:9208
06:19:14,997 - [MAIN] - INFO  - Game.Server.GameServer - base.Start(): True
06:19:15,016 - [MAIN] - INFO  - Game.Server.GameServer - GameServer is now open for connections!
06:20:14,826 - [17] - INFO  - Game.Server.GameServer - Buff Scaning ...
06:20:14,827 - [17] - INFO  - Game.Server.GameServer - Buff Scan complete!
06:20:14,828 - [17] - INFO  - Game.Server.GameServer - Buff all 0 players in 15ms
06:21:14,828 - [17] - INFO  - Game.Server.GameServer - Buff Scaning ...
06:21:14,829 - [17] - INFO  - Game.Server.GameServer - Buff Scan complete!
06:21:14,830 - [17] - INFO  - Game.Server.GameServer - Buff all 0 players in 0ms
06:22:14,840 - [16] - INFO  - Game.Server.GameServer - Buff Scaning ...
06:22:14,841 - [16] - INFO  - Game.Server.GameServer - Buff Scan complete!
06:22:14,842 - [16] - INFO  - Game.Server.GameServer - Buff all 0 players in 0ms
06:22:14,841 - [18] - INFO  - Game.Server.GameServer - Begin ping check....
06:22:14,843 - [18] - INFO  - Game.Server.GameServer - End ping check....
06:22:14,843 - [18] - INFO  - Game.Server.GameServer - Begin ping center check....
06:22:14,844 - [18] - INFO  - Game.Server.GameServer - End ping center check....
06:23:14,854 - [17] - INFO  - Game.Server.GameServer - Buff Scaning ...
06:23:14,854 - [17] - INFO  - Game.Server.GameServer - Buff Scan complete!
06:23:14,855 - [17] - INFO  - Game.Server.GameServer - Buff all 0 players in 0ms
06:24:14,828 - [17] - INFO  - Game.Server.GameServer - Saving Record...
06:24:14,847 - [17] - INFO  - Game.Server.GameServer - Saving Record complete!
06:24:14,860 - [16] - INFO  - Game.Server.GameServer - Buff Scaning ...
06:24:14,861 - [16] - INFO  - Game.Server.GameServer - Buff Scan complete!
06:24:14,861 - [16] - INFO  - Game.Server.GameServer - Buff all 0 players in 0ms
06:24:56,875 - [21] - INFO  - Game.Base.BaseServer - Incoming connection from 127.0.0.1:62501
06:24:56,876 - [21] - INFO  - Game.Base.BaseServer - Client Connect to Server Result : True
06:24:56,883 - [21] - INFO  - Game.Base.BaseClient - Disconnecting client (127.0.0.1:62501), received bytes=0
06:24:56,906 - [21] - INFO  - Game.Base.BaseServer - Incoming connection from 127.0.0.1:62502
06:24:56,906 - [21] - INFO  - Game.Base.BaseServer - Client Connect to Server Result : True
06:24:56,917 - [21] - ERROR - Game.Base.Packets.StreamProcessor - Receive packet with numBytes is 39 ==> Server won't process
06:25:14,856 - [16] - INFO  - Game.Server.GameServer - Begin ping check....
06:25:14,857 - [16] - INFO  - Game.Server.GameServer - End ping check....
06:25:14,858 - [16] - INFO  - Game.Server.GameServer - Begin ping center check....
06:25:14,858 - [16] - INFO  - Game.Server.GameServer - End ping center check....
06:25:14,872 - [18] - INFO  - Game.Server.GameServer - Buff Scaning ...
06:25:14,874 - [18] - INFO  - Game.Server.GameServer - Buff Scan complete!
06:25:14,875 - [18] - INFO  - Game.Server.GameServer - Buff all 0 players in 15ms
06:26:14,877 - [17] - INFO  - Game.Server.GameServer - Buff Scaning ...
06:26:14,878 - [17] - INFO  - Game.Server.GameServer - Buff Scan complete!
06:26:14,879 - [17] - INFO  - Game.Server.GameServer - Buff all 0 players in 0ms
06:26:53,444 - [21] - INFO  - Game.Base.BaseServer - Incoming connection from 127.0.0.1:62513
06:26:53,445 - [21] - INFO  - Game.Base.BaseServer - Client Connect to Server Result : True
06:26:53,456 - [21] - INFO  - Game.Base.BaseClient - Disconnecting client (127.0.0.1:62513), received bytes=0
06:26:53,475 - [21] - INFO  - Game.Base.BaseServer - Incoming connection from 127.0.0.1:62514
06:26:53,4