06:18:49,953 - [MAIN] - INFO  - Bussiness.GameProperties - Refreshing game properties!
06:18:50,043 - [MAIN] - DEBUG - Bussiness.GameProperties - Loading Edition Value is 5498628
06:18:50,045 - [MAIN] - DEBUG - Bussiness.GameProperties - Loading MustComposeGold Value is 0
06:18:50,045 - [MAIN] - DEBUG - Bussiness.GameProperties - Loading MustFusionGold Value is 400
06:18:50,046 - [MAIN] - DEBUG - Bussiness.GameProperties - Loading MustStrengthenGold Value is 0
06:18:50,046 - [MAIN] - DEBUG - Bussiness.GameProperties - Loading CheckRewardItem Value is 11001
06:18:50,046 - [MAIN] - DEBUG - Bussiness.GameProperties - Loading CheckCount Value is 10
06:18:50,047 - [MAIN] - DEBUG - Bussiness.GameProperties - Loading HymenealMoney Value is 300
06:18:50,047 - [MAIN] - DEBUG - Bussiness.GameProperties - Loading DivorcedMoney Value is 1499
06:18:50,047 - [MAIN] - DEBUG - Bussiness.GameProperties - Loading DivorcedDiscountMoney Value is 999
06:18:50,048 - [MAIN] - DEBUG - Bussiness.GameProperties - Loading MarryRoomCreateMoney Value is 700,900,1000
06:18:50,049 - [MAIN] - DEBUG - Bussiness.GameProperties - Loading BoxAppearCondition Value is 4
06:18:50,049 - [MAIN] - DEBUG - Bussiness.GameProperties - Loading DisableCommands Value is    
06:18:50,049 - [MAIN] - DEBUG - Bussiness.GameProperties - Loading AssState Value is False
06:18:50,050 - [MAIN] - DEBUG - Bussiness.GameProperties - Loading DailyAwardState Value is True
06:18:50,050 - [MAIN] - DEBUG - Bussiness.GameProperties - Loading Cess Value is 0.1
06:18:50,051 - [MAIN] - DEBUG - Bussiness.GameProperties - Loading BeginAuction Value is 45
06:18:50,051 - [MAIN] - DEBUG - Bussiness.GameProperties - Loading EndAuction Value is 75
06:18:50,054 - [MAIN] - INFO  - Center.Server.CenterServer - Recompile Scripts: True
06:18:50,057 - [MAIN] - INFO  - Center.Server.CenterServer - Registering global event handlers: true
06:18:50,058 - [MAIN] - INFO  - Center.Server.CenterServer - Script components: True
06:18:50,058 - [MAIN] - INFO  - Center.Server.CenterServer - Check Server Edition:5498628: True
06:18:50,060 - [MAIN] - INFO  - Center.Server.CenterServer - InitSocket Port:9202: True
06:18:50,149 - [MAIN] - INFO  - Center.Server.CenterService - Center Service started!
06:18:50,150 - [MAIN] - INFO  - Center.Server.CenterServer - Center Service: True
06:18:50,155 - [MAIN] - INFO  - Center.Server.ServerMgr - Load server list from db.
06:18:50,155 - [MAIN] - INFO  - Center.Server.CenterServer - Load serverlist: True
06:18:50,159 - [MAIN] - INFO  - Center.Server.CenterServer - Init ConsortiaLevelMgr: True
06:18:50,171 - [MAIN] - INFO  - Center.Server.CenterServer - Init MacroDropMgr: True
06:18:50,188 - [MAIN] - INFO  - Center.Server.CenterServer - LanguageMgr Init: True
06:18:50,189 - [MAIN] - INFO  - Center.Server.CenterServer - Init Global Timers: True
06:18:50,192 - [MAIN] - DEBUG - Game.Base.CommandMgr - ScriptMgr: Searching for commands in Center.Server, Version=1.0.0.0, Culture=neutral, PublicKeyToken=null
06:18:50,194 - [MAIN] - DEBUG - Game.Base.CommandMgr - Load: &gp,Manage game properties at runtime.
06:18:50,194 - [MAIN] - DEBUG - Game.Base.CommandMgr - ScriptMgr: Searching for commands in Game.Base, Version=1.0.0.0, Culture=neutral, PublicKeyToken=null
06:18:50,195 - [MAIN] - DEBUG - Game.Base.CommandMgr - Load: &sm,Script Manager console commands.
06:18:50,195 - [MAIN] - DEBUG - Game.Base.CommandMgr - Load: &cmd,Config the command system.
06:18:50,196 - [MAIN] - DEBUG - Game.Base.CommandMgr - Load: &cs,Compile the C# scripts.
06:18:50,196 - [MAIN] - INFO  - Game.Base.CommandMgr - Loaded 4 commands!
06:18:50,198 - [MAIN] - DEBUG - Game.Base.BaseServer - Server is now listening to incoming connections!
06:18:50,200 - [MAIN] - INFO  - Center.Server.CenterServer - base.Start(): True
06:18:50,204 - [MAIN] - INFO  - Center.Server.CenterServer - GameServer is now open for connections!
06:18:50,204 - [MAIN] - INFO  - Bussiness.GameProperties - Saving game properties into db!
06:19:14,963 - [6] - INFO  - Game.Base.BaseServer - Incoming connection from 127.0.0.1:55903
06:19:14,987 - [6] - DEBUG - Game.Base.Packets.StreamProcessor - Send Pkg to 127.0.0.1:55903 :
0000: 71 AB 00 97 3F 40 00 00 00 00 00 00 00 00 00 00   q...?@..........
0010: 00 00 00 00 AB 18 45 8A 30 69 FC FF 87 B3 40 CA   ......E.0i....@.
0020: E9 73 49 1B B8 63 B2 C5 A8 AC 24 87 31 90 F1 BC   .sI..c....$.1...
0030: CD 4B 2B 2D 71 B8 88 DA 50 08 1F 4B B5 E6 F1 F5   .K+-q...P..K....
0040: B5 23 69 46 A9 8C BA 26 DD 17 C0 7B BE 0A 45 01   .#iF...&...{..E.
0050: 1E FA B2 87 53 E0 99 B8 A0 86 E6 B1 6E F9 32 75   ....S.......n.2u
0060: 54 BD 25 1B B5 F5 09 5E 7F 37 29 BA 3E 5F 57 64   T.%....^7).>_Wd
0070: B4 69 23 22 F6 B1 16 7A 84 3A 9F 43 93 E7 38 31   .i#"...z.:.C..81
0080: 56 89 4F E0 7E 4B 14 20 42 8B A8 56 DA B7 B7 41   V.O.~K. B..V...A
0090: 7D B1 C2 A9 01 00 01                              }......         

06:19:15,004 - [6] - DEBUG - Game.Base.BaseClient - Send To (127.0.0.1:55903) 151 bytes
06:19:15,005 - [6] - INFO  - Game.Base.BaseServer - Client Connect to Server Result : True
06:19:15,029 - [6] - DEBUG - Game.Base.Packets.StreamProcessor - Recieve Packet:
0000: 71 AB 00 94 43 4B 00 01 00 00 00 00 00 00 00 00   q...CK..........
0010: 00 00 00 00 36 71 A3 BC 95 6C 21 C4 05 23 D8 E0   ....6q...l!..#..
0020: 90 7D 62 B1 66 5E 38 76 94 4A 54 A4 79 9A D6 21   .}b.f^8v.JT.y..!
0030: 86 CF 49 F1 2A 37 6A 77 7C E3 1C 0E 65 B1 2C A2   ..I.*7jw|...e.,.
0040: D2 B8 39 C8 4B A3 7C E8 86 AA 4C B0 56 B0 DD 04   ..9.K.|...L.V...
0050: 83 96 92 6A AD 5D 5A FD BD F7 A0 4E E1 5C C3 51   ...j.]Z....N.\.Q
0060: B9 AD B5 C2 6B B5 A0 0C 4B 9B 43 E0 71 32 E6 C6   ....k...K.C.q2..
0070: B7 C7 C4 16 76 65 1F F2 99 64 F3 F8 F2 BA 0E A6   ....ve...d......
0080: 6E B3 71 6F 4A 90 BE B1 86 09 1E 36 AE D5 A4 41   n.qoJ......6...A
0090: CE 43 AB 20                                       .C.             

06:19:15,036 - [6] - DEBUG - Game.Base.Packets.StreamProcessor - Send Pkg to 127.0.0.1:55903 :
0000: 71 AB 00 16 00 00 00 08 00 00 00 00 00 00 00 00   q...............
0010: 00 00 00 00 00 01                                 ......          

06:19:15,036 - [6] - DEBUG - Game.Base.BaseClient - Send To (127.0.0.1:55903) 22 bytes
06:19:15,037 - [8] - DEBUG - Game.Base.Packets.StreamProcessor - Recieve Packet:
0000: 71 AB 00 1C 02 7A 00 F0 00 00 00 00 00 00 00 00   q....z..........
0010: 00 00 00 00 7F 00 00 01 00 00 23 F0               .........#.    

06:19:50,194 - [10] - INFO  - Center.Server.CenterServer - Saving Record...
06:19:50,195 - [10] - DEBUG - Center.Server.CenterServer - Save ThreadId=10
06:19:50,195 - [11] - INFO  - Center.Server.CenterServer - Saving database...
06:19:50,195 - [5] - INFO  - Center.Server.CenterServer - Saving Record...
06:19:50,198 - [5] - DEBUG - Center.Server.CenterServer - Save ThreadId=5
06:19:50,198 - [10] - INFO  - Center.Server.CenterServer - Saving Record complete!
06:19:50,197 - [11] - DEBUG - Center.Server.CenterServer - Save ThreadId=11
06:19:50,205 - [11] - INFO  - Center.Server.CenterServer - Saving database complete!
06:19:50,206 - [11] - INFO  - Center.Server.CenterServer - Saved all databases 15ms
06:19:50,234 - [5] - DEBUG - Game.Base.Packets.StreamProcessor - Send Pkg to 127.0.0.1:55903 :
0000: 71 AB 00 19 01 01 00 80 00 00 00 00 00 00 00 00   q...............
0010: 00 00 00 00 02 00 00 00 08                        .........       

06:19:50,236 - [5] - DEBUG - Game.Base.BaseClient - Send To (127.0.0.1:55903) 25 bytes
06:19:50,236 - [5] - INFO  - Center.Server.CenterServer - Scan Consortia complete!
06:20:50,203 - [13] - INFO  - Center.Server.CenterServer - Saving Record...
06:20:50,204 - [13] - DEBUG - Center.Server.CenterServer - Save ThreadId=13
06:20:50,204 - [16] - INFO  - Center.Server.CenterServer - Saving database...
06:20:50,206 - [16] - DEBUG - Center.Server.CenterServer - Save ThreadId=16
06:20:50,204 - [14] - INFO  - Center.Server.CenterServer - Saving Record...
06:20:50,207 - [14] - DEBUG - Center.Server.CenterServer - Save ThreadId=14
06:20:50,208 - [14] - INFO  - Center.Server.CenterServer - Saving Record complete!
06:20:50,209 - [16] - INFO  - Center.Server.CenterServer - Saving database complete!
06:20:50,209 - [16] - INFO  - Center.Server.CenterServer - Saved all databases 0ms
06:20:50,211 - [13] - INFO  - Center.Server.CenterServer - Scan Consortia complete!
06:21:50,210 - [17] - INFO  - Center.Server.CenterServer - Saving Record...
06:21:50,210 - [15] - INFO  - Center.Server.CenterServer - Saving Record...
06:21:50,212 - [15] - DEBUG - Center.Server.CenterServer - Save ThreadId=15
06:21:50,213 - [15] - INFO  - Center.Server.CenterServer - Saving Record complete!
06:21:50,211 - [17] - DEBUG - Center.Server.CenterServer - Save ThreadId=17
06:21:50,211 - [18] - INFO  - Center.Server.CenterServer - Saving database...
06:21:50,215 - [18] - DEBUG - Center.Server.CenterServer - Save ThreadId=18
06:21:50,217 - [18] - INFO  - Center.Server.CenterServer - Saving database complete!
06:21:50,218 - [18] - INFO  - Center.Server.CenterServer - Saved all databases 0ms
06:21:50,221 - [17] - INFO  - Center.Server.CenterServer - Scan Consortia complete!
06:22:14,844 - [6] - DEBUG - Game.Base.Packets.StreamProcessor - Recieve Packet:
0000: 71 AB 00 18 00 03 00 0C 00 00 00 00 00 00 00 00   q...............
0010: 00 00 00 00 00 00 00 00                           ........        

06:22:50,225 - [19] - INFO  - Center.Server.CenterServer - Saving Record...
06:22:50,226 - [19] - DEBUG - Center.Server.CenterServer - Save ThreadId=19
06:22:50,225 - [21] - INFO  - Center.Server.CenterServer - Saving Record...
06:22:50,227 - [21] - DEBUG - Center.Server.CenterServer - Save ThreadId=21
06:22:50,228 - [21] - INFO  - Center.Server.CenterServer - Saving Record complete!
06:22:50,226 - [22] - INFO  - Center.Server.CenterServer - Saving database...
06:22:50,229 - [22] - DEBUG - Center.Server.CenterServer - Save ThreadId=22
06:22:50,232 - [22] - INFO  - Center.Server.CenterServer - Saving database complete!
06:22:50,232 - [22] - INFO  - Center.Server.CenterServer - Saved all databases 0ms
06:22:50,234 - [19] - INFO  - Center.Server.CenterServer - Scan Consortia complete!
06:23:50,239 - [25] - INFO  - Center.Server.CenterServer - Saving Record...
06:23:50,240 - [25] - DEBUG - Center.Server.CenterServer - Save ThreadId=25
06:23:50,239 - [24] - INFO  - Center.Server.CenterServer - Saving Record...
06:23:50,243 - [24] - DEBUG - Center.Server.CenterServer - Save ThreadId=24
06:23:50,244 - [24] - INFO  - Center.Server.CenterServer - Saving Record complete!
06:23:50,240 - [26] - INFO  - Center.Server.CenterServer - Saving database...
06:23:50,246 - [26] - DEBUG - Center.Server.CenterServer - Save ThreadId=26
06:23:50,249 - [26] - INFO  - Center.Server.CenterServer - Saving database complete!
06:23:50,249 - [26] - INFO  - Center.Server.CenterServer - Saved all databases 15ms
06:23:50,250 - [25] - INFO  - Center.Server.CenterServer - Scan Consortia complete!
06:24:50,251 - [29] - INFO  - Center.Server.CenterServer - Saving Record...
06:24:50,252 - [31] - INFO  - Center.Server.CenterServer - Saving database...
06:24:50,253 - [31] - DEBUG - Center.Server.CenterServer - Save ThreadId=31
06:24:50,251 - [30] - INFO  - Center.Server.CenterServer - Saving Record...
06:24:50,254 - [30] - DEBUG - Center.Server.CenterServer - Save ThreadId=30
06:24:50,255 - [30] - INFO  - Center.Server.CenterServer - Saving Record complete!
06:24:50,252 - [29] - DEBUG - Center.Server.CenterServer - Save ThreadId=29
06:24:50,256 - [31] - INFO  - Center.Server.CenterServer - Saving database complete!
06:24:50,256 - [31] - INFO  - Center.Server.CenterServer - Saved all databases 0ms
06:24:50,261 - [29] - INFO  - Center.Server.CenterServer - Scan Consortia complete!
06:25:14,858 - [38] - DEBUG - Game.Base.Packets.StreamProcessor - Recieve Packet:
0000: 71 AB 00 18 00 03 00 0C 00 00 00 00 00 00 00 00   q...............
0010: 00 00 00 00 00 00 00 00                           ........        

06:25:50,263 - [32] - INFO  - Center.Server.CenterServer - Saving Record...
06:25:50,264 - [32] - DEBUG - Center.Server.CenterServer - Save ThreadId=32
06:25:50,263 - [37] - INFO